#
# There is insufficient memory for the Java Runtime Environment to continue.
# Native memory allocation (mmap) failed to map 100663296 bytes for G1 virtual space
# Possible reasons:
#   The system is out of physical RAM or swap space
#   The process is running with CompressedOops enabled, and the Java Heap may be blocking the growth of the native heap
# Possible solutions:
#   Reduce memory load on the system
#   Increase physical memory or swap space
#   Check if swap backing store is full
#   Decrease Java heap size (-Xmx/-Xms)
#   Decrease number of Java threads
#   Decrease Java thread stack sizes (-Xss)
#   Set larger code cache with -XX:ReservedCodeCacheSize=
#   JVM is running with Unscaled Compressed Oops mode in which the Java heap is
#     placed in the first 4GB address space. The Java Heap base address is the
#     maximum limit for the native heap growth. Please use -XX:HeapBaseMinAddress
#     to set the Java Heap base and to place the Java Heap above 4GB virtual address.
# This output file may be truncated or incomplete.
#
#  Out of Memory Error (os_windows.cpp:3600), pid=5508, tid=10948
#
# JRE version:  (21.0.2+13) (build )
# Java VM: Java HotSpot(TM) 64-Bit Server VM (21.0.2+13-LTS-58, mixed mode, sharing, tiered, compressed oops, compressed class ptrs, g1 gc, windows-amd64)
# No core dump will be written. Minidumps are not enabled by default on client versions of Windows
#

---------------  S U M M A R Y ------------

Command Line: -Dfile.encoding=UTF-8 com.raven.main.Main

Host: Intel(R) Core(TM) i5 CPU       M 520  @ 2.40GHz, 4 cores, 5G,  Windows 10 , 64 bit Build 17763 (10.0.17763.475)
Time: Mon May 20 15:15:16 2024 China Standard Time elapsed time: 0.029875 seconds (0d 0h 0m 0s)

---------------  T H R E A D  ---------------

Current thread (0x0000014cace89300):  JavaThread "Unknown thread" [_thread_in_vm, id=10948, stack(0x00000006c5b00000,0x00000006c5c00000) (1024K)]

Stack: [0x00000006c5b00000,0x00000006c5c00000]
Native frames: (J=compiled Java code, j=interpreted, Vv=VM code, C=native code)
V  [jvm.dll+0x6cade9]
V  [jvm.dll+0x8569c1]
V  [jvm.dll+0x858d2e]
V  [jvm.dll+0x859413]
V  [jvm.dll+0x280e56]
V  [jvm.dll+0x6c74d5]
V  [jvm.dll+0x6bbeca]
V  [jvm.dll+0x355bca]
V  [jvm.dll+0x35d816]
V  [jvm.dll+0x3ae67e]
V  [jvm.dll+0x3ae928]
V  [jvm.dll+0x3295dc]
V  [jvm.dll+0x32a16b]
V  [jvm.dll+0x81efa9]
V  [jvm.dll+0x3bba01]
V  [jvm.dll+0x807928]
V  [jvm.dll+0x44f50e]
V  [jvm.dll+0x450e11]
C  [jli.dll+0x52a3]
C  [ucrtbase.dll+0x21ffa]
C  [KERNEL32.DLL+0x17974]
C  [ntdll.dll+0x6a271]


---------------  P R O C E S S  ---------------

Threads class SMR info:
_java_thread_list=0x00007fff4756bb88, length=0, elements={
}

Java Threads: ( => current thread )
Total: 0

Other Threads:
  0x0000014cacecbcb0 WorkerThread "GC Thread#0"                     [id=8280, stack(0x00000006c5c00000,0x00000006c5d00000) (1024K)]
  0x0000014caced8e90 ConcurrentGCThread "G1 Main Marker"            [id=2348, stack(0x00000006c5d00000,0x00000006c5e00000) (1024K)]
  0x0000014caceda550 WorkerThread "G1 Conc#0"                       [id=10612, stack(0x00000006c5e00000,0x00000006c5f00000) (1024K)]

[error occurred during error reporting (printing all threads), id 0xc0000005, EXCEPTION_ACCESS_VIOLATION (0xc0000005) at pc=0x00007fff46cdc6a7]
VM state: not at safepoint (not fully initialized)

VM Mutex/Monitor currently owned by a thread:  ([mutex/lock_event])
[0x00007fff475dce68] Heap_lock - owner thread: 0x0000014cace89300

Heap address: 0x00000000a0400000, size: 1532 MB, Compressed Oops mode: 32-bit

CDS archive(s) mapped at: [0x0000000000000000-0x0000000000000000-0x0000000000000000), size 0, SharedBaseAddress: 0x0000000800000000, ArchiveRelocationMode: 1.
Narrow klass base: 0x0000000000000000, Narrow klass shift: 0, Narrow klass range: 0x0

GC Precious Log:
 CardTable entry size: 512
 Card Set container configuration: InlinePtr #cards 5 size 8 Array Of Cards #cards 12 size 40 Howl #buckets 4 coarsen threshold 1843 Howl Bitmap #cards 512 size 80 coarsen threshold 460 Card regions per heap region 1 cards per card region 2048

Heap:
 garbage-first heap   total 0K, used 0K [0x00000000a0400000, 0x0000000100000000)
  region size 1024K, 0 young (0K), 0 survivors (0K)

[error occurred during error reporting (printing heap information), id 0xc0000005, EXCEPTION_ACCESS_VIOLATION (0xc0000005) at pc=0x00007fff470c39f9]
GC Heap History (0 events):
No events

Dll operation events (1 events):
Event: 0.018 Loaded shared library C:\Program Files\Java\jdk-21.0.2\bin\java.dll

Deoptimization events (0 events):
No events

Classes loaded (0 events):
No events

Classes unloaded (0 events):
No events

Classes redefined (0 events):
No events

Internal exceptions (0 events):
No events

ZGC Phase Switch (0 events):
No events

VM Operations (0 events):
No events

Events (0 events):
No events


Dynamic libraries:
0x00007ff76e7c0000 - 0x00007ff76e7d0000 	C:\Program Files\Java\jdk-21.0.2\bin\java.exe
0x00007fff919c0000 - 0x00007fff91bad000 	C:\Windows\SYSTEM32\ntdll.dll
0x00007fff62f00000 - 0x00007fff62f19000 	C:\Program Files\Avast Software\Avast\aswhook.dll
0x00007fff90810000 - 0x00007fff908c3000 	C:\Windows\System32\KERNEL32.DLL
0x00007fff8df60000 - 0x00007fff8e1f3000 	C:\Windows\System32\KERNELBASE.dll
0x00007fff8dcb0000 - 0x00007fff8ddaa000 	C:\Windows\System32\ucrtbase.dll
0x00007fff88090000 - 0x00007fff880a9000 	C:\Program Files\Java\jdk-21.0.2\bin\jli.dll
0x00007fff90d40000 - 0x00007fff90de3000 	C:\Windows\System32\ADVAPI32.dll
0x00007fff77cf0000 - 0x00007fff77d0b000 	C:\Program Files\Java\jdk-21.0.2\bin\VCRUNTIME140.dll
0x00007fff915b0000 - 0x00007fff9164e000 	C:\Windows\System32\msvcrt.dll
0x00007fff8ef40000 - 0x00007fff8efde000 	C:\Windows\System32\sechost.dll
0x00007fff8ec40000 - 0x00007fff8ed62000 	C:\Windows\System32\RPCRT4.dll
0x00007fff8eda0000 - 0x00007fff8ef37000 	C:\Windows\System32\USER32.dll
0x00007fff8dc90000 - 0x00007fff8dcb0000 	C:\Windows\System32\win32u.dll
0x00007fff8ed70000 - 0x00007fff8ed99000 	C:\Windows\System32\GDI32.dll
0x00007fff8e950000 - 0x00007fff8eae9000 	C:\Windows\System32\gdi32full.dll
0x00007fff77800000 - 0x00007fff77a79000 	C:\Windows\WinSxS\amd64_microsoft.windows.common-controls_6595b64144ccf1df_6.0.17763.914_none_05b346b2072102f2\COMCTL32.dll
0x00007fff908e0000 - 0x00007fff90c0c000 	C:\Windows\System32\combase.dll
0x00007fff8eaf0000 - 0x00007fff8eb90000 	C:\Windows\System32\msvcp_win.dll
0x00007fff8dee0000 - 0x00007fff8df5e000 	C:\Windows\System32\bcryptPrimitives.dll
0x00007fff86960000 - 0x00007fff8696a000 	C:\Windows\SYSTEM32\VERSION.dll
0x00007fff90fd0000 - 0x00007fff90ffe000 	C:\Windows\System32\IMM32.DLL
0x00007fff85c10000 - 0x00007fff85c1c000 	C:\Program Files\Java\jdk-21.0.2\bin\vcruntime140_1.dll
0x00007fff4a1c0000 - 0x00007fff4a24e000 	C:\Program Files\Java\jdk-21.0.2\bin\msvcp140.dll
0x00007fff469a0000 - 0x00007fff476b7000 	C:\Program Files\Java\jdk-21.0.2\bin\server\jvm.dll
0x00007fff8da20000 - 0x00007fff8da7d000 	C:\Windows\System32\POWRPROF.dll
0x00007fff917f0000 - 0x00007fff9185d000 	C:\Windows\System32\WS2_32.dll
0x00007fff8bc00000 - 0x00007fff8bc24000 	C:\Windows\SYSTEM32\WINMM.dll
0x00007fff8bba0000 - 0x00007fff8bbcd000 	C:\Windows\SYSTEM32\winmmbase.dll
0x00007fff8eb90000 - 0x00007fff8ebda000 	C:\Windows\System32\cfgmgr32.dll
0x00007fff8d9b0000 - 0x00007fff8d9c1000 	C:\Windows\System32\kernel.appcore.dll
0x00007fff76af0000 - 0x00007fff76afa000 	C:\Program Files\Java\jdk-21.0.2\bin\jimage.dll
0x00007fff85860000 - 0x00007fff85a4d000 	C:\Windows\SYSTEM32\DBGHELP.DLL
0x00007fff84dd0000 - 0x00007fff84dfa000 	C:\Windows\SYSTEM32\dbgcore.DLL
0x00007fff75ac0000 - 0x00007fff75adf000 	C:\Program Files\Java\jdk-21.0.2\bin\java.dll

dbghelp: loaded successfully - version: 4.0.5 - missing functions: none
symbol engine: initialized successfully - sym options: 0x614 - pdb path: .;C:\Program Files\Java\jdk-21.0.2\bin;C:\Windows\SYSTEM32;C:\Program Files\Avast Software\Avast;C:\Windows\WinSxS\amd64_microsoft.windows.common-controls_6595b64144ccf1df_6.0.17763.914_none_05b346b2072102f2;C:\Program Files\Java\jdk-21.0.2\bin\server

VM Arguments:
jvm_args: -Dfile.encoding=UTF-8 
java_command: com.raven.main.Main
java_class_path (initial): C:\Users\Owner\Documents\NetBeansProjects\java-swing-login-ui-001-main\part 4\login-001\TimingFramework-0.55.jar;C:\Users\Owner\Documents\NetBeansProjects\java-swing-login-ui-001-main\part 4\login-001\miglayout-4.0.jar;C:\Users\Owner\Documents\NetBeansProjects\java-swing-login-ui-001-main\part 4\login-001\javax.mail.jar;C:\Users\Owner\Documents\NetBeansProjects\java-swing-login-ui-001-main\part 4\login-001\mysql-connector-java-5.1.23-bin.jar;C:\Users\Owner\Documents\NetBeansProjects\java-swing-login-ui-001-main\part 4\login-001\activation-1.1.jar;C:\Users\Owner\Documents\NetBeansProjects\java-swing-login-ui-001-main\part 4\login-001\build\classes
Launcher Type: SUN_STANDARD

[Global flags]
     intx CICompilerCount                          = 3                                         {product} {ergonomic}
     uint ConcGCThreads                            = 1                                         {product} {ergonomic}
     uint G1ConcRefinementThreads                  = 4                                         {product} {ergonomic}
   size_t G1HeapRegionSize                         = 1048576                                   {product} {ergonomic}
    uintx GCDrainStackTargetSize                   = 64                                        {product} {ergonomic}
   size_t InitialHeapSize                          = 100663296                                 {product} {ergonomic}
   size_t MarkStackSize                            = 4194304                                   {product} {ergonomic}
   size_t MaxHeapSize                              = 1606418432                                {product} {ergonomic}
   size_t MinHeapDeltaBytes                        = 1048576                                   {product} {ergonomic}
   size_t MinHeapSize                              = 8388608                                   {product} {ergonomic}
    uintx NonNMethodCodeHeapSize                   = 5832780                                {pd product} {ergonomic}
    uintx NonProfiledCodeHeapSize                  = 122912730                              {pd product} {ergonomic}
    uintx ProfiledCodeHeapSize                     = 122912730                              {pd product} {ergonomic}
    uintx ReservedCodeCacheSize                    = 251658240                              {pd product} {ergonomic}
     bool SegmentedCodeCache                       = true                                      {product} {ergonomic}
   size_t SoftMaxHeapSize                          = 1606418432                             {manageable} {ergonomic}
     bool UseCompressedOops                        = true                           {product lp64_product} {ergonomic}
     bool UseG1GC                                  = true                                      {product} {ergonomic}
     bool UseLargePagesIndividualAllocation        = false                                  {pd product} {ergonomic}

Logging:
Log output configuration:
 #0: stdout all=warning uptime,level,tags foldmultilines=false
 #1: stderr all=off uptime,level,tags foldmultilines=false

Environment Variables:
JAVA_HOME=C:\Program Files\Java\jdk-21.0.2
PATH=C:\Windows\system32;C:\Windows;C:\Windows\System32\Wbem;C:\Windows\System32\WindowsPowerShell\v1.0\;C:\Windows\System32\OpenSSH\;C:\Program Files (x86)\HP\Common\HPDestPlgIn\;C:\Program Files\Java\jdk-21.0.2\bin;C:\Users\Owner\AppData\Local\Microsoft\WindowsApps;C:\Program Files (x86)\HP\Common\HPDestPlgIn\;C:\Users\Owner\AppData\Local\GitHubDesktop\bin
USERNAME=Owner
OS=Windows_NT
PROCESSOR_IDENTIFIER=Intel64 Family 6 Model 37 Stepping 2, GenuineIntel
TMP=C:\Temp
TEMP=C:\Temp




Periodic native trim disabled

---------------  S Y S T E M  ---------------

OS:
 Windows 10 , 64 bit Build 17763 (10.0.17763.475)
OS uptime: 0 days 1:55 hours

CPU: total 4 (initial active 4) (2 cores per cpu, 2 threads per core) family 6 model 37 stepping 2 microcode 0x11, cx8, cmov, fxsr, ht, mmx, sse, sse2, sse3, ssse3, sse4.1, sse4.2, popcnt, tsc, tscinvbit, aes, clmul, clflush, rdtscp
Processor Information for all 4 processors :
  Max Mhz: 2400, Current Mhz: 2400, Mhz Limit: 2400

Memory: 4k page, system-wide physical 6126M (929M free)
TotalPageFile size 6126M (AvailPageFile size 42M)
current process WorkingSet (physical memory assigned to process): 10M, peak: 10M
current process commit charge ("private bytes"): 52M, peak: 147M

vm_info: Java HotSpot(TM) 64-Bit Server VM (21.0.2+13-LTS-58) for windows-amd64 JRE (21.0.2+13-LTS-58), built on 2024-01-05T18:32:24Z by "mach5one" with MS VC++ 17.1 (VS2022)

END.
